<?xml version="1.0" encoding="UTF-8"?>
<!-- Generated by org.testng.reporters.JUnitXMLReporter -->
<testsuite ignored="0" hostname="DESKTOP-P4U8V0S" failures="1" tests="3" name="Submit order " time="50.045" errors="0" timestamp="16 Dec 2023 11:18:29 GMT">
  <testcase classname="FrameworkPractice.Test.SubmitOrderTest" name="submitOrder" time="18.383">
    <failure type="java.lang.AssertionError" message="expected [true] but found [false]">
      <![CDATA[java.lang.AssertionError: expected [true] but found [false]
at FrameworkPractice.Test.SubmitOrderTest.submitOrder(SubmitOrderTest.java:51)
at java.base/java.util.concurrent.FutureTask.run(FutureTask.java:264)
at java.base/java.util.concurrent.ThreadPoolExecutor.runWorker(ThreadPoolExecutor.java:1136)
at java.base/java.util.concurrent.ThreadPoolExecutor$Worker.run(ThreadPoolExecutor.java:635)
at java.base/java.lang.Thread.run(Thread.java:833)
... Removed 20 stack frames]]>
    </failure>
  </testcase> <!-- submitOrder -->
  <testcase classname="FrameworkPractice.Test.SubmitOrderTest" name="submitOrder" time="20.476"/>
  <testcase classname="FrameworkPractice.Test.SubmitOrderTest" name="orderProductDisplayed" time="0.0">
    <skipped/>
  </testcase> <!-- orderProductDisplayed -->
</testsuite> <!-- Submit order  -->
